#-----------------------------------------------------------
# Vivado v2020.1.1 (64-bit)
# SW Build 2960000 on Wed Aug  5 22:57:20 MDT 2020
# IP Build 2956692 on Thu Aug  6 01:41:30 MDT 2020
# Start of session at: Wed Nov  9 12:34:42 2022
# Process ID: 12960
# Current directory: C:/Users/Student/Desktop/upsc_with_assembler/GROUP10_20CS10065_20CS30004_KGPRISC/KGP_RISC_GR_10
# Command line: vivado.exe -gui_launcher_event rodinguilauncherevent7528 C:\Users\Student\Desktop\upsc_with_assembler\GROUP10_20CS10065_20CS30004_KGPRISC\KGP_RISC_GR_10\test_computer_isim_par.wdb
# Log file: C:/Users/Student/Desktop/upsc_with_assembler/GROUP10_20CS10065_20CS30004_KGPRISC/KGP_RISC_GR_10/vivado.log
# Journal file: C:/Users/Student/Desktop/upsc_with_assembler/GROUP10_20CS10065_20CS30004_KGPRISC/KGP_RISC_GR_10\vivado.jou
#-----------------------------------------------------------
start_gui
open_wave_database {C:\Users\Student\Desktop\upsc_with_assembler\GROUP10_20CS10065_20CS30004_KGPRISC\KGP_RISC_GR_10\test_computer_isim_par.wdb}
INFO: [Common 17-41] Interrupt caught. Command should exit soon.
INFO: [IP_Flow 19-234] Refreshing IP repositories
INFO: [IP_Flow 19-1704] No user IP repositories specified
INFO: [IP_Flow 19-2338] Canceling the changes to the IP catalog. Reverting the catalog back to its previous state.
INFO: [IP_Flow 19-2340] The IP catalog has been returned to its previous state.
current_fileset: Time (s): cpu = 00:00:12 ; elapsed = 00:00:30 . Memory (MB): peak = 1088.090 ; gain = 0.000
INFO: [Common 17-344] 'current_fileset' was cancelled
INFO: [Common 17-344] 'open_wave_database' was cancelled
1
INFO: [Common 17-344] 'rdi::open_ppr_or_dcp' was cancelled
not ready
INFO: [Common 17-206] Exiting Vivado at Wed Nov  9 12:39:21 2022...
